{"/Users/nukuta/n/projects/personal/rececss/src/3_adapters/ConfigAdapter/index.ts": {"path":"/Users/nukuta/n/projects/personal/rececss/src/3_adapters/ConfigAdapter/index.ts","statementMap":{"0":{"start":{"line":1,"column":0},"end":{"line":1,"column":40}},"1":{"start":{"line":3,"column":0},"end":{"line":3,"column":36}}},"fnMap":{},"branchMap":{},"s":{"0":0,"1":0},"f":{},"b":{}}
,"/Users/nukuta/n/projects/personal/rececss/src/3_adapters/ConfigAdapter/V1/index.ts": {"path":"/Users/nukuta/n/projects/personal/rececss/src/3_adapters/ConfigAdapter/V1/index.ts","statementMap":{"0":{"start":{"line":1,"column":0},"end":{"line":104,"column":2}},"1":{"start":{"line":7,"column":2},"end":{"line":103,"column":4}},"2":{"start":{"line":8,"column":18},"end":{"line":8,"column":34}},"3":{"start":{"line":9,"column":19},"end":{"line":9,"column":42}},"4":{"start":{"line":11,"column":4},"end":{"line":30,"column":7}},"5":{"start":{"line":13,"column":8},"end":{"line":18,"column":11}},"6":{"start":{"line":38,"column":6},"end":{"line":38,"column":36}},"7":{"start":{"line":38,"column":24},"end":{"line":38,"column":36}},"8":{"start":{"line":40,"column":29},"end":{"line":40,"column":56}},"9":{"start":{"line":41,"column":30},"end":{"line":41,"column":58}},"10":{"start":{"line":42,"column":22},"end":{"line":42,"column":49}},"11":{"start":{"line":43,"column":21},"end":{"line":43,"column":23}},"12":{"start":{"line":45,"column":6},"end":{"line":59,"column":9}},"13":{"start":{"line":46,"column":8},"end":{"line":48,"column":null}},"14":{"start":{"line":46,"column":40},"end":{"line":46,"column":49}},"15":{"start":{"line":47,"column":10},"end":{"line":47,"column":59}},"16":{"start":{"line":50,"column":27},"end":{"line":54,"column":48}},"17":{"start":{"line":51,"column":23},"end":{"line":51,"column":78}},"18":{"start":{"line":54,"column":26},"end":{"line":54,"column":47}},"19":{"start":{"line":56,"column":8},"end":{"line":58,"column":null}},"20":{"start":{"line":57,"column":10},"end":{"line":57,"column":36}},"21":{"start":{"line":61,"column":6},"end":{"line":61,"column":56}},"22":{"start":{"line":69,"column":6},"end":{"line":74,"column":8}},"23":{"start":{"line":70,"column":25},"end":{"line":70,"column":62}},"24":{"start":{"line":70,"column":51},"end":{"line":70,"column":61}},"25":{"start":{"line":71,"column":24},"end":{"line":71,"column":33}},"26":{"start":{"line":72,"column":8},"end":{"line":72,"column":65}},"27":{"start":{"line":72,"column":22},"end":{"line":72,"column":65}},"28":{"start":{"line":73,"column":8},"end":{"line":73,"column":23}},"29":{"start":{"line":78,"column":6},"end":{"line":83,"column":8}},"30":{"start":{"line":87,"column":6},"end":{"line":87,"column":43}},"31":{"start":{"line":91,"column":6},"end":{"line":91,"column":20}},"32":{"start":{"line":95,"column":6},"end":{"line":95,"column":71}},"33":{"start":{"line":99,"column":6},"end":{"line":101,"column":8}}},"fnMap":{"0":{"name":"(anonymous_0)","decl":{"start":{"line":1,"column":15},"end":{"line":1,"column":16}},"loc":{"start":{"line":6,"column":5},"end":{"line":104,"column":1}}},"1":{"name":"makeConfigAdapter","decl":{"start":{"line":7,"column":18},"end":{"line":7,"column":35}},"loc":{"start":{"line":7,"column":45},"end":{"line":103,"column":3}}},"2":{"name":"(anonymous_2)","decl":{"start":{"line":12,"column":19},"end":{"line":12,"column":22}},"loc":{"start":{"line":12,"column":24},"end":{"line":19,"column":7}}},"3":{"name":"parseValuesByUnit","decl":{"start":{"line":32,"column":13},"end":{"line":32,"column":30}},"loc":{"start":{"line":37,"column":5},"end":{"line":62,"column":5}}},"4":{"name":"(anonymous_4)","decl":{"start":{"line":45,"column":22},"end":{"line":45,"column":23}},"loc":{"start":{"line":45,"column":41},"end":{"line":59,"column":7}}},"5":{"name":"(anonymous_5)","decl":{"start":{"line":46,"column":32},"end":{"line":46,"column":33}},"loc":{"start":{"line":46,"column":40},"end":{"line":46,"column":49}}},"6":{"name":"(anonymous_6)","decl":{"start":{"line":51,"column":15},"end":{"line":51,"column":16}},"loc":{"start":{"line":51,"column":23},"end":{"line":51,"column":78}}},"7":{"name":"(anonymous_7)","decl":{"start":{"line":54,"column":16},"end":{"line":54,"column":17}},"loc":{"start":{"line":54,"column":26},"end":{"line":54,"column":47}}},"8":{"name":"makeValidateValue","decl":{"start":{"line":64,"column":13},"end":{"line":64,"column":30}},"loc":{"start":{"line":67,"column":22},"end":{"line":75,"column":5}}},"9":{"name":"(anonymous_9)","decl":{"start":{"line":69,"column":13},"end":{"line":69,"column":14}},"loc":{"start":{"line":69,"column":23},"end":{"line":74,"column":7}}},"10":{"name":"(anonymous_10)","decl":{"start":{"line":70,"column":43},"end":{"line":70,"column":44}},"loc":{"start":{"line":70,"column":51},"end":{"line":70,"column":61}}},"11":{"name":"isRange","decl":{"start":{"line":77,"column":13},"end":{"line":77,"column":20}},"loc":{"start":{"line":77,"column":31},"end":{"line":84,"column":5}}},"12":{"name":"isLengthUnit","decl":{"start":{"line":86,"column":13},"end":{"line":86,"column":25}},"loc":{"start":{"line":86,"column":27},"end":{"line":88,"column":5}}},"13":{"name":"isNonNegative","decl":{"start":{"line":90,"column":13},"end":{"line":90,"column":26}},"loc":{"start":{"line":90,"column":28},"end":{"line":92,"column":5}}},"14":{"name":"invalidUnitWarning","decl":{"start":{"line":94,"column":13},"end":{"line":94,"column":31}},"loc":{"start":{"line":94,"column":46},"end":{"line":96,"column":5}}},"15":{"name":"invalidValueWarning","decl":{"start":{"line":98,"column":13},"end":{"line":98,"column":32}},"loc":{"start":{"line":98,"column":54},"end":{"line":102,"column":5}}}},"branchMap":{"0":{"loc":{"start":{"line":38,"column":6},"end":{"line":38,"column":36}},"type":"if","locations":[{"start":{"line":38,"column":6},"end":{"line":38,"column":36}},{"start":{"line":38,"column":6},"end":{"line":38,"column":36}}]},"1":{"loc":{"start":{"line":40,"column":29},"end":{"line":40,"column":50}},"type":"binary-expr","locations":[{"start":{"line":40,"column":29},"end":{"line":40,"column":50}},{"start":{"line":40,"column":54},"end":{"line":40,"column":56}}]},"2":{"loc":{"start":{"line":41,"column":30},"end":{"line":41,"column":52}},"type":"binary-expr","locations":[{"start":{"line":41,"column":30},"end":{"line":41,"column":52}},{"start":{"line":41,"column":56},"end":{"line":41,"column":58}}]},"3":{"loc":{"start":{"line":46,"column":8},"end":{"line":48,"column":null}},"type":"if","locations":[{"start":{"line":46,"column":8},"end":{"line":48,"column":null}},{"start":{"line":46,"column":8},"end":{"line":48,"column":null}}]},"4":{"loc":{"start":{"line":51,"column":36},"end":{"line":51,"column":74}},"type":"cond-expr","locations":[{"start":{"line":51,"column":36},"end":{"line":51,"column":74}},{"start":{"line":51,"column":77},"end":{"line":51,"column":78}}]},"5":{"loc":{"start":{"line":56,"column":8},"end":{"line":58,"column":null}},"type":"if","locations":[{"start":{"line":56,"column":8},"end":{"line":58,"column":null}},{"start":{"line":56,"column":8},"end":{"line":58,"column":null}}]},"6":{"loc":{"start":{"line":61,"column":42},"end":{"line":61,"column":48}},"type":"cond-expr","locations":[{"start":{"line":61,"column":42},"end":{"line":61,"column":48}},{"start":{"line":61,"column":51},"end":{"line":61,"column":55}}]},"7":{"loc":{"start":{"line":72,"column":8},"end":{"line":72,"column":65}},"type":"if","locations":[{"start":{"line":72,"column":8},"end":{"line":72,"column":65}},{"start":{"line":72,"column":8},"end":{"line":72,"column":65}}]},"8":{"loc":{"start":{"line":79,"column":8},"end":{"line":79,"column":24}},"type":"binary-expr","locations":[{"start":{"line":79,"column":8},"end":{"line":79,"column":24}},{"start":{"line":80,"column":8},"end":{"line":80,"column":28}},{"start":{"line":81,"column":8},"end":{"line":81,"column":28}},{"start":{"line":82,"column":8},"end":{"line":82,"column":28}}]}},"s":{"0":1,"1":1,"2":10,"3":10,"4":10,"5":10,"6":10,"7":1,"8":9,"9":9,"10":9,"11":9,"12":9,"13":12,"14":12,"15":2,"16":10,"17":28,"18":45,"19":10,"20":10,"21":9,"22":10,"23":46,"24":88,"25":46,"26":46,"27":6,"28":46,"29":28,"30":12,"31":42,"32":2,"33":6},"f":{"0":1,"1":10,"2":10,"3":10,"4":12,"5":12,"6":28,"7":45,"8":10,"9":46,"10":88,"11":28,"12":12,"13":42,"14":2,"15":6},"b":{"0":[1,9],"1":[9,0],"2":[9,0],"3":[2,10],"4":[3,25],"5":[10,0],"6":[8,1],"7":[6,40],"8":[28,3,3,3]}}
,"/Users/nukuta/n/projects/personal/rececss/src/shared/utils/index.ts": {"path":"/Users/nukuta/n/projects/personal/rececss/src/shared/utils/index.ts","statementMap":{"0":{"start":{"line":1,"column":24},"end":{"line":3,"column":1}},"1":{"start":{"line":2,"column":2},"end":{"line":2,"column":44}},"2":{"start":{"line":1,"column":13},"end":{"line":1,"column":24}},"3":{"start":{"line":5,"column":23},"end":{"line":7,"column":1}},"4":{"start":{"line":6,"column":2},"end":{"line":6,"column":26}},"5":{"start":{"line":5,"column":13},"end":{"line":5,"column":23}},"6":{"start":{"line":9,"column":21},"end":{"line":13,"column":1}},"7":{"start":{"line":10,"column":2},"end":{"line":12,"column":58}},"8":{"start":{"line":12,"column":19},"end":{"line":12,"column":56}},"9":{"start":{"line":9,"column":13},"end":{"line":9,"column":21}},"10":{"start":{"line":15,"column":30},"end":{"line":21,"column":1}},"11":{"start":{"line":20,"column":2},"end":{"line":20,"column":41}},"12":{"start":{"line":15,"column":13},"end":{"line":15,"column":30}}},"fnMap":{"0":{"name":"(anonymous_0)","decl":{"start":{"line":1,"column":24},"end":{"line":1,"column":25}},"loc":{"start":{"line":1,"column":48},"end":{"line":3,"column":1}}},"1":{"name":"(anonymous_1)","decl":{"start":{"line":5,"column":23},"end":{"line":5,"column":24}},"loc":{"start":{"line":5,"column":47},"end":{"line":7,"column":1}}},"2":{"name":"(anonymous_2)","decl":{"start":{"line":9,"column":21},"end":{"line":9,"column":22}},"loc":{"start":{"line":9,"column":73},"end":{"line":13,"column":1}}},"3":{"name":"(anonymous_3)","decl":{"start":{"line":12,"column":9},"end":{"line":12,"column":10}},"loc":{"start":{"line":12,"column":19},"end":{"line":12,"column":56}}},"4":{"name":"(anonymous_4)","decl":{"start":{"line":15,"column":30},"end":{"line":15,"column":null}},"loc":{"start":{"line":19,"column":14},"end":{"line":21,"column":1}}}},"branchMap":{"0":{"loc":{"start":{"line":2,"column":9},"end":{"line":2,"column":30}},"type":"binary-expr","locations":[{"start":{"line":2,"column":9},"end":{"line":2,"column":30}},{"start":{"line":2,"column":34},"end":{"line":2,"column":43}}]},"1":{"loc":{"start":{"line":9,"column":58},"end":{"line":9,"column":59}},"type":"default-arg","locations":[{"start":{"line":9,"column":58},"end":{"line":9,"column":59}}]},"2":{"loc":{"start":{"line":18,"column":9},"end":{"line":18,"column":10}},"type":"default-arg","locations":[{"start":{"line":18,"column":9},"end":{"line":18,"column":10}}]}},"s":{"0":1,"1":55,"2":1,"3":1,"4":28,"5":1,"6":1,"7":3,"8":21,"9":1,"10":1,"11":3,"12":1},"f":{"0":55,"1":28,"2":3,"3":21,"4":3},"b":{"0":[55,51],"1":[0],"2":[0]}}
}
