TN:
SF:src/3_adapters/ConfigAdapter/index.ts
FNF:0
FNH:0
DA:1,0
DA:3,0
LF:2
LH:0
BRF:0
BRH:0
end_of_record
TN:
SF:src/3_adapters/ConfigAdapter/V1/index.ts
FN:1,(anonymous_0)
FN:7,makeConfigAdapter
FN:12,(anonymous_2)
FN:32,parseValuesByUnit
FN:45,(anonymous_4)
FN:46,(anonymous_5)
FN:51,(anonymous_6)
FN:54,(anonymous_7)
FN:64,makeValidateValue
FN:69,(anonymous_9)
FN:70,(anonymous_10)
FN:77,isRange
FN:86,isLengthUnit
FN:90,isNonNegative
FN:94,invalidUnitWarning
FN:98,invalidValueWarning
FNF:16
FNH:16
FNDA:1,(anonymous_0)
FNDA:10,makeConfigAdapter
FNDA:10,(anonymous_2)
FNDA:10,parseValuesByUnit
FNDA:12,(anonymous_4)
FNDA:12,(anonymous_5)
FNDA:28,(anonymous_6)
FNDA:45,(anonymous_7)
FNDA:10,makeValidateValue
FNDA:46,(anonymous_9)
FNDA:88,(anonymous_10)
FNDA:28,isRange
FNDA:12,isLengthUnit
FNDA:42,isNonNegative
FNDA:2,invalidUnitWarning
FNDA:6,invalidValueWarning
DA:1,1
DA:7,1
DA:8,10
DA:9,10
DA:11,10
DA:13,10
DA:38,10
DA:40,9
DA:41,9
DA:42,9
DA:43,9
DA:45,9
DA:46,12
DA:47,2
DA:50,10
DA:51,28
DA:54,45
DA:56,10
DA:57,10
DA:61,9
DA:69,10
DA:70,88
DA:71,46
DA:72,46
DA:73,46
DA:78,28
DA:87,12
DA:91,42
DA:95,2
DA:99,6
LF:30
LH:30
BRDA:38,0,0,1
BRDA:38,0,1,9
BRDA:40,1,0,9
BRDA:40,1,1,0
BRDA:41,2,0,9
BRDA:41,2,1,0
BRDA:46,3,0,2
BRDA:46,3,1,10
BRDA:51,4,0,3
BRDA:51,4,1,25
BRDA:56,5,0,10
BRDA:56,5,1,0
BRDA:61,6,0,8
BRDA:61,6,1,1
BRDA:72,7,0,6
BRDA:72,7,1,40
BRDA:79,8,0,28
BRDA:79,8,1,3
BRDA:79,8,2,3
BRDA:79,8,3,3
BRF:20
BRH:17
end_of_record
TN:
SF:src/shared/utils/index.ts
FN:1,(anonymous_0)
FN:5,(anonymous_1)
FN:9,(anonymous_2)
FN:12,(anonymous_3)
FN:15,(anonymous_4)
FNF:5
FNH:5
FNDA:55,(anonymous_0)
FNDA:28,(anonymous_1)
FNDA:3,(anonymous_2)
FNDA:21,(anonymous_3)
FNDA:3,(anonymous_4)
DA:1,1
DA:2,55
DA:5,1
DA:6,28
DA:9,1
DA:10,3
DA:12,21
DA:15,1
DA:20,3
LF:9
LH:9
BRDA:2,0,0,55
BRDA:2,0,1,51
BRDA:9,1,0,0
BRDA:18,2,0,0
BRF:4
BRH:2
end_of_record
